# JRE version: Java(TM) SE Runtime Environment (7.0_45-b18) (build 1.7.0_45-b18)
# Java VM: Java HotSpot(TM) 64-Bit Server VM (24.45-b08 mixed mode windows-amd64 compressed oops)
Heap
 PSYoungGen      total 278016K, used 158882K [0x00000000eaa80000, 0x0000000100000000, 0x0000000100000000)
  eden space 224768K, 47% used [0x00000000eaa80000,0x00000000f1320c18,0x00000000f8600000)
  from space 53248K, 97% used [0x00000000fcc00000,0x00000000ffe87c18,0x0000000100000000)
  to   space 62464K, 0% used [0x00000000f8600000,0x00000000f8600000,0x00000000fc300000)
 ParOldGen       total 165376K, used 86204K [0x00000000c0000000, 0x00000000ca180000, 0x00000000eaa80000)
  object space 165376K, 52% used [0x00000000c0000000,0x00000000c542f278,0x00000000ca180000)
 PSPermGen       total 21504K, used 6418K [0x00000000bae00000, 0x00000000bc300000, 0x00000000c0000000)
  object space 21504K, 29% used [0x00000000bae00000,0x00000000bb444898,0x00000000bc300000)
GC Heap History (10 events):
Event: 8.117 GC heap before
{Heap before GC invocations=5 (full 0):
 PSYoungGen      total 138240K, used 138224K [0x00000000eaa80000, 0x00000000f3680000, 0x0000000100000000)
  eden space 133120K, 100% used [0x00000000eaa80000,0x00000000f2c80000,0x00000000f2c80000)
  from space 5120K, 99% used [0x00000000f3180000,0x00000000f367c280,0x00000000f3680000)
  to   space 5120K, 0% used [0x00000000f2c80000,0x00000000f2c80000,0x00000000f3180000)
 ParOldGen       total 86528K, used 17453K [0x00000000c0000000, 0x00000000c5480000, 0x00000000eaa80000)
  object space 86528K, 20% used [0x00000000c0000000,0x00000000c110b468,0x00000000c5480000)
 PSPermGen       total 21504K, used 6009K [0x00000000bae00000, 0x00000000bc300000, 0x00000000c0000000)
  object space 21504K, 27% used [0x00000000bae00000,0x00000000bb3de730,0x00000000bc300000)
Event: 8.180 GC heap after
Heap after GC invocations=5 (full 0):
 PSYoungGen      total 138240K, used 5118K [0x00000000eaa80000, 0x00000000fdf80000, 0x0000000100000000)
  eden space 133120K, 0% used [0x00000000eaa80000,0x00000000eaa80000,0x00000000f2c80000)
  from space 5120K, 99% used [0x00000000f2c80000,0x00000000f317fbc8,0x00000000f3180000)
  to   space 25088K, 0% used [0x00000000fc700000,0x00000000fc700000,0x00000000fdf80000)
 ParOldGen       total 86528K, used 37351K [0x00000000c0000000, 0x00000000c5480000, 0x00000000eaa80000)
  object space 86528K, 43% used [0x00000000c0000000,0x00000000c2479f60,0x00000000c5480000)
 PSPermGen       total 21504K, used 6009K [0x00000000bae00000, 0x00000000bc300000, 0x00000000c0000000)
  object space 21504K, 27% used [0x00000000bae00000,0x00000000bb3de730,0x00000000bc300000)
}
Event: 8.616 GC heap before
{Heap before GC invocations=6 (full 0):
 PSYoungGen      total 138240K, used 138238K [0x00000000eaa80000, 0x00000000fdf80000, 0x0000000100000000)
  eden space 133120K, 100% used [0x00000000eaa80000,0x00000000f2c80000,0x00000000f2c80000)
  from space 5120K, 99% used [0x00000000f2c80000,0x00000000f317fbc8,0x00000000f3180000)
  to   space 25088K, 0% used [0x00000000fc700000,0x00000000fc700000,0x00000000fdf80000)
 ParOldGen       total 86528K, used 37351K [0x00000000c0000000, 0x00000000c5480000, 0x00000000eaa80000)
  object space 86528K, 43% used [0x00000000c0000000,0x00000000c2479f60,0x00000000c5480000)
 PSPermGen       total 21504K, used 6068K [0x00000000bae00000, 0x00000000bc300000, 0x00000000c0000000)
  object space 21504K, 28% used [0x00000000bae00000,0x00000000bb3ed3c8,0x00000000bc300000)
Event: 8.677 GC heap after
Heap after GC invocations=6 (full 0):
 PSYoungGen      total 285696K, used 25077K [0x00000000eaa80000, 0x00000000fea80000, 0x0000000100000000)
  eden space 260608K, 0% used [0x00000000eaa80000,0x00000000eaa80000,0x00000000fa900000)
  from space 25088K, 99% used [0x00000000fc700000,0x00000000fdf7d4b8,0x00000000fdf80000)
  to   space 30720K, 0% used [0x00000000fa900000,0x00000000fa900000,0x00000000fc700000)
 ParOldGen       total 86528K, used 38572K [0x00000000c0000000, 0x00000000c5480000, 0x00000000eaa80000)
  object space 86528K, 44% used [0x00000000c0000000,0x00000000c25ab088,0x00000000c5480000)
 PSPermGen       total 21504K, used 6068K [0x00000000bae00000, 0x00000000bc300000, 0x00000000c0000000)
  object space 21504K, 28% used [0x00000000bae00000,0x00000000bb3ed3c8,0x00000000bc300000)
}
Event: 11.199 GC heap before
{Heap before GC invocations=7 (full 0):
 PSYoungGen      total 285696K, used 285685K [0x00000000eaa80000, 0x00000000fea80000, 0x0000000100000000)
  eden space 260608K, 100% used [0x00000000eaa80000,0x00000000fa900000,0x00000000fa900000)
  from space 25088K, 99% used [0x00000000fc700000,0x00000000fdf7d4b8,0x00000000fdf80000)
  to   space 30720K, 0% used [0x00000000fa900000,0x00000000fa900000,0x00000000fc700000)
 ParOldGen       total 86528K, used 38572K [0x00000000c0000000, 0x00000000c5480000, 0x00000000eaa80000)
  object space 86528K, 44% used [0x00000000c0000000,0x00000000c25ab088,0x00000000c5480000)
 PSPermGen       total 21504K, used 6108K [0x00000000bae00000, 0x00000000bc300000, 0x00000000c0000000)
  object space 21504K, 28% used [0x00000000bae00000,0x00000000bb3f72b8,0x00000000bc300000)
Event: 11.818 GC heap after
Heap after GC invocations=7 (full 0):
 PSYoungGen      total 291328K, used 30699K [0x00000000eaa80000, 0x0000000100000000, 0x0000000100000000)
  eden space 260608K, 0% used [0x00000000eaa80000,0x00000000eaa80000,0x00000000fa900000)
  from space 30720K, 99% used [0x00000000fa900000,0x00000000fc6fae08,0x00000000fc700000)
  to   space 53248K, 0% used [0x00000000fcc00000,0x00000000fcc00000,0x0000000100000000)
 ParOldGen       total 86528K, used 71575K [0x00000000c0000000, 0x00000000c5480000, 0x00000000eaa80000)
  object space 86528K, 82% used [0x00000000c0000000,0x00000000c45e5de8,0x00000000c5480000)
 PSPermGen       total 21504K, used 6108K [0x00000000bae00000, 0x00000000bc300000, 0x00000000c0000000)
  object space 21504K, 28% used [0x00000000bae00000,0x00000000bb3f72b8,0x00000000bc300000)
}
Event: 11.818 GC heap before
{Heap before GC invocations=8 (full 1):
 PSYoungGen      total 291328K, used 30699K [0x00000000eaa80000, 0x0000000100000000, 0x0000000100000000)
  eden space 260608K, 0% used [0x00000000eaa80000,0x00000000eaa80000,0x00000000fa900000)
  from space 30720K, 99% used [0x00000000fa900000,0x00000000fc6fae08,0x00000000fc700000)
  to   space 53248K, 0% used [0x00000000fcc00000,0x00000000fcc00000,0x0000000100000000)
 ParOldGen       total 86528K, used 71575K [0x00000000c0000000, 0x00000000c5480000, 0x00000000eaa80000)
  object space 86528K, 82% used [0x00000000c0000000,0x00000000c45e5de8,0x00000000c5480000)
 PSPermGen       total 21504K, used 6108K [0x00000000bae00000, 0x00000000bc300000, 0x00000000c0000000)
  object space 21504K, 28% used [0x00000000bae00000,0x00000000bb3f72b8,0x00000000bc300000)
Event: 13.844 GC heap after
Heap after GC invocations=8 (full 1):
 PSYoungGen      total 291328K, used 12241K [0x00000000eaa80000, 0x0000000100000000, 0x0000000100000000)
  eden space 260608K, 0% used [0x00000000eaa80000,0x00000000eaa80000,0x00000000fa900000)
  from space 30720K, 39% used [0x00000000fa900000,0x00000000fb4f4718,0x00000000fc700000)
  to   space 53248K, 0% used [0x00000000fcc00000,0x00000000fcc00000,0x0000000100000000)
 ParOldGen       total 165376K, used 86204K [0x00000000c0000000, 0x00000000ca180000, 0x00000000eaa80000)
  object space 165376K, 52% used [0x00000000c0000000,0x00000000c542f278,0x00000000ca180000)
 PSPermGen       total 21504K, used 6103K [0x00000000bae00000, 0x00000000bc300000, 0x00000000c0000000)
  object space 21504K, 28% used [0x00000000bae00000,0x00000000bb3f5ed8,0x00000000bc300000)
}
Event: 16.026 GC heap before
{Heap before GC invocations=9 (full 1):
 PSYoungGen      total 291328K, used 272849K [0x00000000eaa80000, 0x0000000100000000, 0x0000000100000000)
  eden space 260608K, 100% used [0x00000000eaa80000,0x00000000fa900000,0x00000000fa900000)
  from space 30720K, 39% used [0x00000000fa900000,0x00000000fb4f4718,0x00000000fc700000)
  to   space 53248K, 0% used [0x00000000fcc00000,0x00000000fcc00000,0x0000000100000000)
 ParOldGen       total 165376K, used 86204K [0x00000000c0000000, 0x00000000ca180000, 0x00000000eaa80000)
  object space 165376K, 52% used [0x00000000c0000000,0x00000000c542f278,0x00000000ca180000)
 PSPermGen       total 21504K, used 6126K [0x00000000bae00000, 0x00000000bc300000, 0x00000000c0000000)
  object space 21504K, 28% used [0x00000000bae00000,0x00000000bb3fb9d8,0x00000000bc300000)
Event: 16.225 GC heap after
Heap after GC invocations=9 (full 1):
 PSYoungGen      total 278016K, used 51743K [0x00000000eaa80000, 0x0000000100000000, 0x0000000100000000)
  eden space 224768K, 0% used [0x00000000eaa80000,0x00000000eaa80000,0x00000000f8600000)
  from space 53248K, 97% used [0x00000000fcc00000,0x00000000ffe87c18,0x0000000100000000)
  to   space 62464K, 0% used [0x00000000f8600000,0x00000000f8600000,0x00000000fc300000)
 ParOldGen       total 165376K, used 86204K [0x00000000c0000000, 0x00000000ca180000, 0x00000000eaa80000)
  object space 165376K, 52% used [0x00000000c0000000,0x00000000c542f278,0x00000000ca180000)
 PSPermGen       total 21504K, used 6126K [0x00000000bae00000, 0x00000000bc300000, 0x00000000c0000000)
  object space 21504K, 28% used [0x00000000bae00000,0x00000000bb3fb9d8,0x00000000bc300000)
}

